2023-07-27 19:13:44,607 [test.py] - INFO: Update bdsearch day to 2023-07-26.
2023-07-27 19:13:51,043 [test.py] - INFO: Update bdsearch hour to 2023-07-27 18.
2023-07-27 19:13:51,227 [test.py] - INFO: Update margin-sh to 2023-07-26.
2023-07-27 19:13:52,084 [test.py] - INFO: Update margin-sz to 2023-07-26.
2023-07-27 22:31:11,511 [test.py] - WARNING: Try update qvix minute 1 times. (Length mismatch: Expected axis has 1 elements, new values have 2 elements)
2023-07-27 22:31:11,577 [test.py] - WARNING: Try update qvix minute 2 times. (Length mismatch: Expected axis has 1 elements, new values have 2 elements)
2023-07-27 22:31:11,640 [test.py] - WARNING: Try update qvix minute 3 times. (Length mismatch: Expected axis has 1 elements, new values have 2 elements)
2023-07-27 22:31:11,640 [test.py] - ERROR: Can't update qvix minute.
2023-07-27 22:31:14,520 [test.py] - INFO: Update high-low-legu to 2023-07-27.
2023-07-27 22:31:24,526 [test.py] - INFO: Update day etf amount to 2023-07-27.
2023-07-28 21:12:06,372 [test.py] - INFO: Update qvix minute to 2023-07-28.
2023-07-28 21:12:10,586 [test.py] - INFO: Update bdsearch day to 2023-07-27.
2023-07-28 21:12:17,059 [test.py] - INFO: Update bdsearch hour to 2023-07-28 20.
2023-07-28 21:12:17,258 [test.py] - INFO: Update margin-sh to 2023-07-27.
2023-07-28 21:12:18,127 [test.py] - INFO: Update margin-sz to 2023-07-27.
2023-07-28 21:12:20,991 [test.py] - INFO: Update high-low-legu to 2023-07-28.
2023-07-28 21:12:30,489 [test.py] - INFO: Update day etf amount to 2023-07-28.
2023-07-29 08:58:59,796 [test.py] - INFO: Update bdsearch day to 2023-07-28.
2023-07-29 08:59:06,243 [test.py] - INFO: Update bdsearch hour to 2023-07-29 07.
2023-07-29 08:59:06,411 [test.py] - INFO: Update margin-sh to 2023-07-28.
2023-07-29 08:59:06,418 [test.py] - INFO: Update margin-sz ready.
2023-07-31 22:28:35,754 [test.py] - INFO: Update qvix minute to 2023-07-31.
2023-07-31 22:28:38,569 [test.py] - INFO: Update high-low-legu to 2023-07-31.
2023-07-31 22:28:47,821 [test.py] - INFO: Update day etf amount to 2023-07-31.
2023-08-01 08:06:54,242 [test.py] - INFO: Update bdsearch day to 2023-07-30.
2023-08-01 08:07:01,054 [test.py] - INFO: Update bdsearch hour to 2023-08-01 07.
2023-08-01 08:07:01,239 [test.py] - INFO: Update margin-sh to 2023-07-31.
2023-08-01 08:07:02,127 [test.py] - INFO: Update margin-sz to 2023-07-28.
2023-08-01 21:25:21,118 [test.py] - INFO: Update qvix minute to 2023-08-01.
2023-08-01 21:25:25,307 [test.py] - INFO: Update bdsearch day to 2023-07-31.
2023-08-01 21:25:32,229 [test.py] - INFO: Update bdsearch hour to 2023-08-01 20.
2023-08-01 21:25:32,240 [test.py] - INFO: Update margin-sh ready.
2023-08-01 21:25:33,891 [test.py] - INFO: Update margin-sz to 2023-07-31.
2023-08-01 21:25:36,596 [test.py] - INFO: Update high-low-legu to 2023-08-01.
2023-08-01 21:25:48,415 [test.py] - INFO: Update day etf amount to 2023-08-01.
2023-08-02 22:48:42,911 [test.py] - WARNING: Try update qvix minute 1 times. (No columns to parse from file)
2023-08-02 22:48:43,240 [test.py] - WARNING: Try update qvix minute 2 times. (No columns to parse from file)
2023-08-02 22:48:43,588 [test.py] - WARNING: Try update qvix minute 3 times. (No columns to parse from file)
2023-08-02 22:48:43,588 [test.py] - ERROR: Can't update qvix minute.
2023-08-02 22:48:47,248 [test.py] - INFO: Update bdsearch day to 2023-08-01.
2023-08-02 22:48:53,698 [test.py] - INFO: Update bdsearch hour to 2023-08-02 21.
2023-08-02 22:48:53,885 [test.py] - INFO: Update margin-sh to 2023-08-01.
2023-08-02 22:48:54,672 [test.py] - INFO: Update margin-sz to 2023-08-01.
2023-08-02 22:49:00,561 [test.py] - INFO: Update high-low-legu to 2023-08-02.
2023-08-02 22:49:09,323 [test.py] - INFO: Update day etf amount to 2023-08-02.
2023-08-03 21:57:35,853 [test.py] - INFO: Update qvix minute to 2023-08-03.
2023-08-03 21:57:40,218 [test.py] - INFO: Update bdsearch day to 2023-08-02.
2023-08-03 21:57:46,724 [test.py] - INFO: Update bdsearch hour to 2023-08-03 20.
2023-08-03 21:57:46,895 [test.py] - INFO: Update margin-sh to 2023-08-02.
2023-08-03 21:57:47,783 [test.py] - INFO: Update margin-sz to 2023-08-02.
2023-08-03 21:57:53,620 [test.py] - INFO: Update high-low-legu to 2023-08-03.
2023-08-03 21:58:03,580 [test.py] - INFO: Update day etf amount to 2023-08-03.
2023-08-04 08:17:30,750 [test.py] - INFO: Update bdsearch day to 2023-08-03.
2023-08-04 08:17:37,029 [test.py] - INFO: Update bdsearch hour to 2023-08-04 07.
2023-08-04 08:17:37,213 [test.py] - INFO: Update margin-sh to 2023-08-03.
2023-08-04 08:17:37,220 [test.py] - INFO: Update margin-sz ready.
2023-08-04 22:27:48,624 [test.py] - INFO: Update high-low-legu to 2023-08-04.
2023-08-04 22:27:58,300 [test.py] - INFO: Update day etf amount to 2023-08-04.
2023-08-05 09:09:32,003 [test.py] - INFO: Update qvix minute ready.
2023-08-05 09:09:37,081 [test.py] - INFO: Update bdsearch day to 2023-08-04.
2023-08-05 09:09:44,353 [test.py] - INFO: Update bdsearch hour to 2023-08-05 08.
2023-08-05 09:09:44,532 [test.py] - INFO: Update margin-sh to 2023-08-04.
2023-08-05 09:09:45,375 [test.py] - INFO: Update margin-sz to 2023-08-03.
2023-08-07 23:31:34,408 [test.py] - INFO: Update qvix minute to 2023-08-07.
2023-08-07 23:31:37,228 [test.py] - INFO: Update high-low-legu to 2023-08-07.
2023-08-07 23:31:47,567 [test.py] - INFO: Update day etf amount to 2023-08-07.
2023-08-08 08:14:56,213 [test.py] - INFO: Update bdsearch day to 2023-08-07.
2023-08-08 08:15:04,072 [test.py] - INFO: Update bdsearch hour to 2023-08-08 07.
2023-08-08 08:15:04,242 [test.py] - INFO: Update margin-sh to 2023-08-07.
2023-08-08 08:15:05,091 [test.py] - INFO: Update margin-sz to 2023-08-04.
